[debug] [2021-05-12T21:13:23.702Z] ----------------------------------------------------------------------
[debug] [2021-05-12T21:13:23.703Z] Command:       /usr/local/bin/node /usr/local/bin/firebase init
[debug] [2021-05-12T21:13:23.704Z] CLI Version:   9.10.2
[debug] [2021-05-12T21:13:23.704Z] Platform:      darwin
[debug] [2021-05-12T21:13:23.704Z] Node Version:  v14.16.1
[debug] [2021-05-12T21:13:23.704Z] Time:          Wed May 12 2021 14:13:23 GMT-0700 (Pacific Daylight Time)
[debug] [2021-05-12T21:13:23.704Z] ----------------------------------------------------------------------
[debug] 
[debug] [2021-05-12T21:13:23.708Z] > command requires scopes: ["email","openid","https://www.googleapis.com/auth/cloudplatformprojects.readonly","https://www.googleapis.com/auth/firebase","https://www.googleapis.com/auth/cloud-platform"]
[debug] [2021-05-12T21:13:23.708Z] > authorizing via signed-in user (tanya.apb03@gmail.com)
[info] 
     ######## #### ########  ######## ########     ###     ######  ########
     ##        ##  ##     ## ##       ##     ##  ##   ##  ##       ##
     ######    ##  ########  ######   ########  #########  ######  ######
     ##        ##  ##    ##  ##       ##     ## ##     ##       ## ##
     ##       #### ##     ## ######## ########  ##     ##  ######  ########

You're about to initialize a Firebase project in this directory:

  /Users/tanyaprabhakar/self/twitter-clone

Before we get started, keep in mind:

  * You are initializing in an existing Firebase project directory

[info] 
=== Project Setup
[info] 
[info] First, let's associate this project directory with a Firebase project.
[info] You can create multiple project aliases by running firebase use --add, 
[info] but for now we'll just set up a default project.
[info] 
[info] i  .firebaserc already has a default project, using twitter-clone-two. 
[debug] [2021-05-12T21:13:31.796Z] > refreshing access token with scopes: []
[debug] [2021-05-12T21:13:31.796Z] >>> HTTP REQUEST POST https://www.googleapis.com/oauth2/v3/token  
 <request body omitted>
[debug] [2021-05-12T21:13:31.976Z] <<< HTTP RESPONSE 200 {"pragma":"no-cache","expires":"Mon, 01 Jan 1990 00:00:00 GMT","date":"Wed, 12 May 2021 21:13:31 GMT","cache-control":"no-cache, no-store, max-age=0, must-revalidate","content-type":"application/json; charset=utf-8","vary":"X-Origin, Referer, Origin,Accept-Encoding","server":"scaffolding on HTTPServer2","x-xss-protection":"0","x-frame-options":"SAMEORIGIN","x-content-type-options":"nosniff","alt-svc":"h3-29=\":443\"; ma=2592000,h3-T051=\":443\"; ma=2592000,h3-Q050=\":443\"; ma=2592000,h3-Q046=\":443\"; ma=2592000,h3-Q043=\":443\"; ma=2592000,quic=\":443\"; ma=2592000; v=\"46,43\"","accept-ranges":"none","transfer-encoding":"chunked"}
[debug] [2021-05-12T21:13:32.007Z] >>> [apiv2][query] GET https://firebase.googleapis.com/v1beta1/projects/twitter-clone-two [none]
[debug] [2021-05-12T21:13:32.200Z] <<< [apiv2][status] GET https://firebase.googleapis.com/v1beta1/projects/twitter-clone-two 200
[debug] [2021-05-12T21:13:32.200Z] <<< [apiv2][body] GET https://firebase.googleapis.com/v1beta1/projects/twitter-clone-two {"projectId":"twitter-clone-two","projectNumber":"829023834196","displayName":"twitter-clone-two","name":"projects/twitter-clone-two","resources":{"hostingSite":"twitter-clone-two","storageBucket":"twitter-clone-two.appspot.com","locationId":"us-central"},"state":"ACTIVE"}
[info] 
=== Hosting Setup
[info] 
[info] Your public directory is the folder (relative to your project directory) that
[info] will contain Hosting assets to be uploaded with firebase deploy. If you
[info] have a build process for your assets, use your build's output directory.
[info] 
[debug] [2021-05-12T21:16:22.345Z] >>> [apiv2][query] GET https://www.gstatic.com/firebasejs/releases.json [none]
[debug] [2021-05-12T21:16:22.450Z] <<< [apiv2][status] GET https://www.gstatic.com/firebasejs/releases.json 200
[debug] [2021-05-12T21:16:22.450Z] <<< [apiv2][body] GET https://www.gstatic.com/firebasejs/releases.json {"current":{"version":"8.6.0","browserURL":"https://www.gstatic.com/firebasejs/8.6.0/firebase.js","packageURL":"https://www.gstatic.com/firebasejs/8.6.0/firebase.tgz"},"live":{"version":"8.6","browserURL":"https://www.gstatic.com/firebasejs/live/8.6/firebase.js","packageURL":"https://www.gstatic.com/firebasejs/live/8.6/firebase.tgz"},"components":{"analytics":"https://www.gstatic.com/firebasejs/8.6.0/firebase-analytics.js","app":"https://www.gstatic.com/firebasejs/8.6.0/firebase-app.js","app-check":"https://www.gstatic.com/firebasejs/8.6.0/firebase-app-check.js","auth":"https://www.gstatic.com/firebasejs/8.6.0/firebase-auth.js","database":"https://www.gstatic.com/firebasejs/8.6.0/firebase-database.js","firestore":"https://www.gstatic.com/firebasejs/8.6.0/firebase-firestore.js","functions":"https://www.gstatic.com/firebasejs/8.6.0/firebase-functions.js","installations":"https://www.gstatic.com/firebasejs/8.6.0/firebase-installations.js","messaging":"https://www.gstatic.com/firebasejs/8.6.0/firebase-messaging.js","storage":"https://www.gstatic.com/firebasejs/8.6.0/firebase-storage.js","performance":"https://www.gstatic.com/firebasejs/8.6.0/firebase-performance.js","remote-config":"https://www.gstatic.com/firebasejs/8.6.0/firebase-remote-config.js","firestore.memory":"https://www.gstatic.com/firebasejs/8.6.0/firebase-firestore.memory.js"}}
[info] ✔  Wrote build/index.html 
[info] 
[info] i  Detected a .git folder at /Users/tanyaprabhakar/self/twitter-clone 
[info] i  Authorizing with GitHub to upload your service account to a GitHub repository's secrets store. 
[info] 
[info] Visit this URL on this device to log in:
[info] https://github.com/login/oauth/authorize?client_id=89cf50f02ac6aaed3484&state=290288514&redirect_uri=http%3A%2F%2Flocalhost%3A9005&scope=read%3Auser%20repo%20public_repo
[info] 
[info] Waiting for authentication...
[debug] [2021-05-12T21:16:57.924Z] >>> HTTP REQUEST POST https://github.com/login/oauth/access_token  
 {"client_id":"89cf50f02ac6aaed3484","client_secret":"3330d14abc895d9a74d5f17cd7a00711fa2c5bf0","code":"c45be54342ddf5b781df","redirect_uri":"http://localhost:9005","state":"290288514"}
[debug] [2021-05-12T21:16:58.157Z] <<< HTTP RESPONSE 200 {"server":"GitHub.com","date":"Wed, 12 May 2021 21:16:58 GMT","content-type":"application/json; charset=utf-8","transfer-encoding":"chunked","vary":"X-PJAX, Accept-Encoding, Accept, X-Requested-With","permissions-policy":"interest-cohort=()","etag":"W/\"6492725a523ec325abccf65a3c5edad8\"","cache-control":"max-age=0, private, must-revalidate","strict-transport-security":"max-age=31536000; includeSubdomains; preload","x-frame-options":"deny","x-content-type-options":"nosniff","x-xss-protection":"0","referrer-policy":"origin-when-cross-origin, strict-origin-when-cross-origin","expect-ct":"max-age=2592000, report-uri=\"https://api.github.com/_private/browser/errors\"","content-security-policy":"default-src 'none'; base-uri 'self'; block-all-mixed-content; connect-src 'self' uploads.github.com www.githubstatus.com collector.githubapp.com api.github.com github-cloud.s3.amazonaws.com github-production-repository-file-5c1aeb.s3.amazonaws.com github-production-upload-manifest-file-7fdce7.s3.amazonaws.com github-production-user-asset-6210df.s3.amazonaws.com cdn.optimizely.com logx.optimizely.com/v1/events wss://alive.github.com; font-src github.githubassets.com; form-action 'self' github.com gist.github.com; frame-ancestors 'none'; frame-src render.githubusercontent.com; img-src 'self' data: github.githubassets.com identicons.github.com collector.githubapp.com github-cloud.s3.amazonaws.com secured-user-images.githubusercontent.com/ *.githubusercontent.com; manifest-src 'self'; media-src 'none'; script-src github.githubassets.com; style-src 'unsafe-inline' github.githubassets.com; worker-src github.com/socket-worker-3f088aa2.js gist.github.com/socket-worker-3f088aa2.js","x-github-request-id":"E5DE:61AD:1B808C7:1E33C7F:609C45C9"}
[debug] [2021-05-12T21:16:58.160Z] >>> [apiv2][query] GET https://api.github.com/user [none]
[debug] [2021-05-12T21:16:58.439Z] <<< [apiv2][status] GET https://api.github.com/user 200
[debug] [2021-05-12T21:16:58.439Z] <<< [apiv2][body] GET https://api.github.com/user {"login":"tanyaapb03","id":72110047,"node_id":"MDQ6VXNlcjcyMTEwMDQ3","avatar_url":"https://avatars.githubusercontent.com/u/72110047?v=4","gravatar_id":"","url":"https://api.github.com/users/tanyaapb03","html_url":"https://github.com/tanyaapb03","followers_url":"https://api.github.com/users/tanyaapb03/followers","following_url":"https://api.github.com/users/tanyaapb03/following{/other_user}","gists_url":"https://api.github.com/users/tanyaapb03/gists{/gist_id}","starred_url":"https://api.github.com/users/tanyaapb03/starred{/owner}{/repo}","subscriptions_url":"https://api.github.com/users/tanyaapb03/subscriptions","organizations_url":"https://api.github.com/users/tanyaapb03/orgs","repos_url":"https://api.github.com/users/tanyaapb03/repos","events_url":"https://api.github.com/users/tanyaapb03/events{/privacy}","received_events_url":"https://api.github.com/users/tanyaapb03/received_events","type":"User","site_admin":false,"name":"tanya prabhakar","company":null,"blog":"","location":"san francisco","email":null,"hireable":null,"bio":"Curious problem-solver\r\n","twitter_username":null,"public_repos":38,"public_gists":0,"followers":2,"following":1,"created_at":"2020-09-29T22:47:26Z","updated_at":"2021-05-12T21:16:57Z","private_gists":0,"total_private_repos":1,"owned_private_repos":1,"disk_usage":19421,"collaborators":0,"two_factor_authentication":false,"plan":{"name":"free","space":976562499,"collaborators":0,"private_repos":10000}}
[info] 
[info] ✔  Success! Logged into GitHub as tanyaapb03 
[info] 
